---- light / ericw-tools 2.0.0-alpha8-29-gb2f23f76 ----
LoadBSPFile: 'broken-.bsp'
BSP is version Quake BSP bsp29
INFO: using built-in palette.
Loading extended texinfo flags from broken-.texinfo.json...
WARNING: broken-.bsp[line 3]: Unrecognised string escape - \e
WARNING: broken-.bsp[line 3]: Unrecognised string escape - \q
WARNING: broken-.bsp[line 3]: Unrecognised string escape - \k
WARNING: broken-.bsp[line 3]: Unrecognised string escape - \e
WARNING: broken-.bsp[line 3]: Unrecognised string escape - \q
WARNING: broken-.bsp[line 3]: Unrecognised string escape - \e
WARNING: broken-.bsp[line 3]: Unrecognised string escape - \q
WARNING: broken-.bsp[line 3]: Unrecognised string escape - \a
WARNING: broken-.bsp[line 3]: Unrecognised string escape - \e
WARNING: broken-.bsp[line 3]: Unrecognised string escape - \q
WARNING: broken-.bsp[line 3]: Unrecognised string escape - \a
WARNING: broken-.bsp[line 3]: Unrecognised string escape - \e
WARNING: broken-.bsp[line 3]: Unrecognised string escape - \q
WARNING: broken-.bsp[line 3]: Unrecognised string escape - \R
WARNING: broken-.bsp[line 3]: Unrecognised string escape - \e
WARNING: broken-.bsp[line 3]: Unrecognised string escape - \q
WARNING: broken-.bsp[line 3]: Unrecognised string escape - \h
WARNING: broken-.bsp[line 3]: Unrecognised string escape - \e
WARNING: broken-.bsp[line 3]: Unrecognised string escape - \q
WARNING: broken-.bsp[line 3]: Unrecognised string escape - \p
WARNING: broken-.bsp[line 3]: Unrecognised string escape - \p
WARNING: broken-.bsp[line 3]: Unrecognised string escape - \e
WARNING: broken-.bsp[line 3]: Unrecognised string escape - \q
WARNING: broken-.bsp[line 3]: Unrecognised string escape - \q
WARNING: broken-.bsp[line 3]: Unrecognised string escape - \a
WARNING: broken-.bsp[line 3]: Unrecognised string escape - \e
WARNING: broken-.bsp[line 3]: Unrecognised string escape - \q
WARNING: broken-.bsp[line 3]: Unrecognised string escape - \q
WARNING: broken-.bsp[line 3]: Unrecognised string escape - \h
WARNING: broken-.bsp[line 3]: Unrecognised string escape - \e
WARNING: broken-.bsp[line 3]: Unrecognised string escape - \q
WARNING: broken-.bsp[line 3]: Unrecognised string escape - \q
WARNING: broken-.bsp[line 3]: Unrecognised string escape - \a
WARNING: broken-.bsp[line 3]: Unrecognised string escape - \e
WARNING: broken-.bsp[line 3]: Unrecognised string escape - \q
WARNING: broken-.bsp[line 3]: Unrecognised string escape - \q
WARNING: broken-.bsp[line 3]: Unrecognised string escape - \a
WARNING: broken-.bsp[line 3]: Unrecognised string escape - \e
WARNING: broken-.bsp[line 3]: Unrecognised string escape - \q
WARNING: broken-.bsp[line 3]: Unrecognised string escape - \q
WARNING: broken-.bsp[line 3]: Unrecognised string escape - \R
WARNING: broken-.bsp[line 3]: Unrecognised string escape - \e
WARNING: broken-.bsp[line 3]: Unrecognised string escape - \q
WARNING: broken-.bsp[line 3]: Unrecognised string escape - \q
WARNING: broken-.bsp[line 3]: Unrecognised string escape - \a
WARNING: broken-.bsp[line 3]: Unrecognised string escape - \e
WARNING: broken-.bsp[line 3]: Unrecognised string escape - \q
WARNING: broken-.bsp[line 3]: Unrecognised string escape - \q
WARNING: broken-.bsp[line 3]: Unrecognised string escape - \a
WARNING: broken-.bsp[line 3]: Unrecognised string escape - \e
WARNING: broken-.bsp[line 3]: Unrecognised string escape - \q
WARNING: broken-.bsp[line 3]: Unrecognised string escape - \q
WARNING: broken-.bsp[line 3]: Unrecognised string escape - \e
WARNING: broken-.bsp[line 3]: Unrecognised string escape - \q
WARNING: broken-.bsp[line 3]: Unrecognised string escape - \q
WARNING: broken-.bsp[line 3]: Unrecognised string escape - \k
WARNING: entity at () (worldspawn) has empty key/value "property 1" ""
112 entities read, 15 are lights.

--- Options Summary ---
    "nocolor" was set to "1" (from command line)

DecompressAllVis: invalid visofs for leaf 0
Embree_TraceInit: Embree version: 3.12.1
Embree_TraceInit: 
	42 sky faces
	20420 solid faces
	0 filtered faces
	0 shadow-casting skip faces
SetupLights: 15 initial lights
SetupLights: 15 after surface lights
SetupLights: 15 after jittering
Final count: 15 lights, 0 suns in use.
0 surface light points in use.
lightmap size (total): 14460
Lighting Completed.

0 switchable light styles (32 max)
Writing broken-.bsp as Quake BSP bsp29
0.233s seconds elapsed
0 empty lightmaps


