Renderer info: AMD Radeon(TM) 610M version 4.6.0 Compatibility Profile Context 24.10.16.12.240716 from ATI Technologies Inc.
Depth buffer bits: 24
Multisampling enabled
Adding file system path "C:/Users/Fussy/OneDrive/Desktop/quake-leveldesign-starterkit-20240930-windows/level-editor\\defaults\\assets"
Adding file system path "C:/Users/Fussy/OneDrive/Desktop/quake-leveldesign-starterkit-20240930-windows/tools/ironwail\\id1"
Adding file system package "pak0.pak"
Loading document from C:\Users\Fussy\OneDrive\Desktop\quake-leveldesign-starterkit-20240930-windows\cathedral-\cathedral-.map
Found 0 shaders
Loaded entity definition file Quake.fgd
Found 0 shaders
Loaded "C:\\Users\\Fussy\\OneDrive\\Desktop\\quake-leveldesign-starterkit-20240930-windows\\cathedral-\\cathedral-.map" in 157ms
Saved "C:\\Users\\Fussy\\OneDrive\\Desktop\\quake-leveldesign-starterkit-20240930-windows\\cathedral-\\cathedral-.map" in 31ms
Saved "C:\\Users\\Fussy\\OneDrive\\Desktop\\quake-leveldesign-starterkit-20240930-windows\\cathedral-\\cathedral-.map" in 24ms
Found 0 shaders
Created autosave backup at "C:\\Users\\Fussy\\OneDrive\\Desktop\\quake-leveldesign-starterkit-20240930-windows\\cathedral-\\autosave\\cathedral-.5.map"
Found 0 shaders
Found 0 shaders
Found 0 shaders
Found 0 shaders
Found 0 shaders
Found 0 shaders
Created autosave backup at "C:\\Users\\Fussy\\OneDrive\\Desktop\\quake-leveldesign-starterkit-20240930-windows\\cathedral-\\autosave\\cathedral-.6.map"
Saved "C:\\Users\\Fussy\\OneDrive\\Desktop\\quake-leveldesign-starterkit-20240930-windows\\cathedral-\\cathedral-.map" in 31ms
Created autosave backup at "C:\\Users\\Fussy\\OneDrive\\Desktop\\quake-leveldesign-starterkit-20240930-windows\\cathedral-\\autosave\\cathedral-.7.map"
Saved "C:\\Users\\Fussy\\OneDrive\\Desktop\\quake-leveldesign-starterkit-20240930-windows\\cathedral-\\cathedral-.map" in 33ms
Created autosave backup at "C:\\Users\\Fussy\\OneDrive\\Desktop\\quake-leveldesign-starterkit-20240930-windows\\cathedral-\\autosave\\cathedral-.8.map"
Saved "C:\\Users\\Fussy\\OneDrive\\Desktop\\quake-leveldesign-starterkit-20240930-windows\\cathedral-\\cathedral-.map" in 31ms
Created autosave backup at "C:\\Users\\Fussy\\OneDrive\\Desktop\\quake-leveldesign-starterkit-20240930-windows\\cathedral-\\autosave\\cathedral-.9.map"
Saved "C:\\Users\\Fussy\\OneDrive\\Desktop\\quake-leveldesign-starterkit-20240930-windows\\cathedral-\\cathedral-.map" in 32ms
Could not resize brush: Brush is empty
Saved "C:\\Users\\Fussy\\OneDrive\\Desktop\\quake-leveldesign-starterkit-20240930-windows\\cathedral-\\cathedral-.map" in 32ms
Saved "C:\\Users\\Fussy\\OneDrive\\Desktop\\quake-leveldesign-starterkit-20240930-windows\\cathedral-\\cathedral-.map" in 32ms
Saved "C:\\Users\\Fussy\\OneDrive\\Desktop\\quake-leveldesign-starterkit-20240930-windows\\cathedral-\\cathedral-.map" in 32ms
Saved "C:\\Users\\Fussy\\OneDrive\\Desktop\\quake-leveldesign-starterkit-20240930-windows\\cathedral-\\cathedral-.map" in 23ms
Could not resize brush: Brush is empty
Could not resize brush: Brush is empty
Saved "C:\\Users\\Fussy\\OneDrive\\Desktop\\quake-leveldesign-starterkit-20240930-windows\\cathedral-\\cathedral-.map" in 32ms
Created autosave backup at "C:\\Users\\Fussy\\OneDrive\\Desktop\\quake-leveldesign-starterkit-20240930-windows\\cathedral-\\autosave\\cathedral-.10.map"
Saved "C:\\Users\\Fussy\\OneDrive\\Desktop\\quake-leveldesign-starterkit-20240930-windows\\cathedral-\\cathedral-.map" in 31ms
Saved "C:\\Users\\Fussy\\OneDrive\\Desktop\\quake-leveldesign-starterkit-20240930-windows\\cathedral-\\cathedral-.map" in 26ms
Saved "C:\\Users\\Fussy\\OneDrive\\Desktop\\quake-leveldesign-starterkit-20240930-windows\\cathedral-\\cathedral-.map" in 33ms
Created autosave backup at "C:\\Users\\Fussy\\OneDrive\\Desktop\\quake-leveldesign-starterkit-20240930-windows\\cathedral-\\autosave\\cathedral-.11.map"
Saved "C:\\Users\\Fussy\\OneDrive\\Desktop\\quake-leveldesign-starterkit-20240930-windows\\cathedral-\\cathedral-.map" in 22ms
Saved "C:\\Users\\Fussy\\OneDrive\\Desktop\\quake-leveldesign-starterkit-20240930-windows\\cathedral-\\cathedral-.map" in 21ms
Saved "C:\\Users\\Fussy\\OneDrive\\Desktop\\quake-leveldesign-starterkit-20240930-windows\\cathedral-\\cathedral-.map" in 23ms
Saved "C:\\Users\\Fussy\\OneDrive\\Desktop\\quake-leveldesign-starterkit-20240930-windows\\cathedral-\\cathedral-.map" in 39ms
Saved "C:\\Users\\Fussy\\OneDrive\\Desktop\\quake-leveldesign-starterkit-20240930-windows\\cathedral-\\cathedral-.map" in 32ms
Saved "C:\\Users\\Fussy\\OneDrive\\Desktop\\quake-leveldesign-starterkit-20240930-windows\\cathedral-\\cathedral-.map" in 35ms
Saved "C:\\Users\\Fussy\\OneDrive\\Desktop\\quake-leveldesign-starterkit-20240930-windows\\cathedral-\\cathedral-.map" in 23ms
Created autosave backup at "C:\\Users\\Fussy\\OneDrive\\Desktop\\quake-leveldesign-starterkit-20240930-windows\\cathedral-\\autosave\\cathedral-.4.map"
Saved "C:\\Users\\Fussy\\OneDrive\\Desktop\\quake-leveldesign-starterkit-20240930-windows\\cathedral-\\cathedral-.map" in 31ms
Created autosave backup at "C:\\Users\\Fussy\\OneDrive\\Desktop\\quake-leveldesign-starterkit-20240930-windows\\cathedral-\\autosave\\cathedral-.5.map"
Saved "C:\\Users\\Fussy\\OneDrive\\Desktop\\quake-leveldesign-starterkit-20240930-windows\\cathedral-\\cathedral-.map" in 24ms
Saved "C:\\Users\\Fussy\\OneDrive\\Desktop\\quake-leveldesign-starterkit-20240930-windows\\cathedral-\\cathedral-.map" in 22ms
Created autosave backup at "C:\\Users\\Fussy\\OneDrive\\Desktop\\quake-leveldesign-starterkit-20240930-windows\\cathedral-\\autosave\\cathedral-.6.map"
Found 0 shaders
Saved "C:\\Users\\Fussy\\OneDrive\\Desktop\\quake-leveldesign-starterkit-20240930-windows\\cathedral-\\cathedral-.map" in 34ms
Reloading material collections
Found 0 shaders
Saved "C:\\Users\\Fussy\\OneDrive\\Desktop\\quake-leveldesign-starterkit-20240930-windows\\cathedral-\\cathedral-.map" in 24ms
Reloading entity definitions
Loaded entity definition file Quake.fgd
Saved "C:\\Users\\Fussy\\OneDrive\\Desktop\\quake-leveldesign-starterkit-20240930-windows\\cathedral-\\cathedral-.map" in 37ms
Created autosave backup at "C:\\Users\\Fussy\\OneDrive\\Desktop\\quake-leveldesign-starterkit-20240930-windows\\cathedral-\\autosave\\cathedral-.7.map"
Saved "C:\\Users\\Fussy\\OneDrive\\Desktop\\quake-leveldesign-starterkit-20240930-windows\\cathedral-\\cathedral-.map" in 24ms
