Renderer info: AMD Radeon(TM) 610M version 4.6.0 Compatibility Profile Context 24.10.16.12.240716 from ATI Technologies Inc.
Depth buffer bits: 24
Multisampling enabled
Adding file system path "C:/Users/Fussy/OneDrive/Desktop/quake-leveldesign-starterkit-20240930-windows/level-editor\\defaults\\assets"
Adding file system path "C:/Users/Fussy/OneDrive/Desktop/quake-leveldesign-starterkit-20240930-windows/tools/ironwail\\id1"
Adding file system package "pak0.pak"
Loading document from C:\Users\Fussy\OneDrive\Desktop\quake-leveldesign-starterkit-20240930-windows\cathedral-\cathedral-.map
Found 0 shaders
Loaded entity definition file Quake.fgd
Found 0 shaders
Loaded "C:\\Users\\Fussy\\OneDrive\\Desktop\\quake-leveldesign-starterkit-20240930-windows\\cathedral-\\cathedral-.map" in 61ms
Loaded portal file "C:/Users/Fussy/OneDrive/Desktop/quake-leveldesign-starterkit-20240930-windows/cathedral-/cathedral-.leak.prt"
Could not resize brush: Brush is empty
Could not resize brush: Brush is empty
Could not resize brush: Brush is empty
Could not resize brush: Brush is empty
Could not resize brush: Brush is empty
Could not resize brush: Brush is empty
Could not resize brush: Brush is empty
Could not resize brush: Brush is empty
Saved "C:\\Users\\Fussy\\OneDrive\\Desktop\\quake-leveldesign-starterkit-20240930-windows\\cathedral-\\cathedral-.map" in 22ms
Saved "C:\\Users\\Fussy\\OneDrive\\Desktop\\quake-leveldesign-starterkit-20240930-windows\\cathedral-\\cathedral-.map" in 23ms
Unloaded portal file
Loaded portal file "C:/Users/Fussy/OneDrive/Desktop/quake-leveldesign-starterkit-20240930-windows/cathedral-/cathedral-.leak.prt"
Saved "C:\\Users\\Fussy\\OneDrive\\Desktop\\quake-leveldesign-starterkit-20240930-windows\\cathedral-\\cathedral-.map" in 32ms
Saved "C:\\Users\\Fussy\\OneDrive\\Desktop\\quake-leveldesign-starterkit-20240930-windows\\cathedral-\\cathedral-.map" in 32ms
Saved "C:\\Users\\Fussy\\OneDrive\\Desktop\\quake-leveldesign-starterkit-20240930-windows\\cathedral-\\cathedral-.map" in 31ms
Unloaded portal file
Loaded portal file "C:/Users/Fussy/OneDrive/Desktop/quake-leveldesign-starterkit-20240930-windows/cathedral-/cathedral-.prt"
Unloaded portal file
Saved "C:\\Users\\Fussy\\OneDrive\\Desktop\\quake-leveldesign-starterkit-20240930-windows\\cathedral-\\cathedral-.map" in 32ms
Saved "C:\\Users\\Fussy\\OneDrive\\Desktop\\quake-leveldesign-starterkit-20240930-windows\\cathedral-\\cathedral-.map" in 22ms
Saved "C:\\Users\\Fussy\\OneDrive\\Desktop\\quake-leveldesign-starterkit-20240930-windows\\cathedral-\\cathedral-.map" in 32ms
Saved "C:\\Users\\Fussy\\OneDrive\\Desktop\\quake-leveldesign-starterkit-20240930-windows\\cathedral-\\cathedral-.map" in 32ms
Created autosave backup at "C:\\Users\\Fussy\\OneDrive\\Desktop\\quake-leveldesign-starterkit-20240930-windows\\cathedral-\\autosave\\cathedral-.10.map"
Saved "C:\\Users\\Fussy\\OneDrive\\Desktop\\quake-leveldesign-starterkit-20240930-windows\\cathedral-\\cathedral-.map" in 32ms
Could not resize brush: Brush is empty
Could not resize brush: Brush is empty
Created autosave backup at "C:\\Users\\Fussy\\OneDrive\\Desktop\\quake-leveldesign-starterkit-20240930-windows\\cathedral-\\autosave\\cathedral-.11.map"
Could not clip brush: Brush is empty
Could not clip brush: Brush is empty
Could not clip brush: Brush is empty
Could not clip brush: Brush is empty
Could not clip brush: Brush is empty
Could not clip brush: Brush is empty
Could not clip brush: Brush is empty
Could not clip brush: Brush is empty
Could not clip brush: Brush is empty
Could not clip brush: Brush is empty
Could not clip brush: Brush is empty
Could not clip brush: Brush is empty
Could not clip brush: Brush is empty
Could not clip brush: Brush is empty
Could not clip brush: Brush is empty
Could not clip brush: Brush is empty
Could not clip brush: Brush is empty
Could not clip brush: Brush is empty
Could not clip brush: Brush is empty
Could not clip brush: Brush is empty
Could not clip brush: Brush is empty
Created autosave backup at "C:\\Users\\Fussy\\OneDrive\\Desktop\\quake-leveldesign-starterkit-20240930-windows\\cathedral-\\autosave\\cathedral-.4.map"
Could not resize brush: Brush is empty
Could not resize brush: Brush is empty
Could not resize brush: Brush is empty
Saved "C:\\Users\\Fussy\\OneDrive\\Desktop\\quake-leveldesign-starterkit-20240930-windows\\cathedral-\\cathedral-.map" in 32ms
Loaded point file "C:/Users/Fussy/OneDrive/Desktop/quake-leveldesign-starterkit-20240930-windows/cathedral-/cathedral-.pts"
Saved "C:\\Users\\Fussy\\OneDrive\\Desktop\\quake-leveldesign-starterkit-20240930-windows\\cathedral-\\cathedral-.map" in 32ms
Unloaded point file
Loaded point file "C:/Users/Fussy/OneDrive/Desktop/quake-leveldesign-starterkit-20240930-windows/cathedral-/cathedral-.pts"
Saved "C:\\Users\\Fussy\\OneDrive\\Desktop\\quake-leveldesign-starterkit-20240930-windows\\cathedral-\\cathedral-.map" in 31ms
Saved "C:\\Users\\Fussy\\OneDrive\\Desktop\\quake-leveldesign-starterkit-20240930-windows\\cathedral-\\cathedral-.map" in 32ms
Saved "C:\\Users\\Fussy\\OneDrive\\Desktop\\quake-leveldesign-starterkit-20240930-windows\\cathedral-\\cathedral-.map" in 31ms
Saved "C:\\Users\\Fussy\\OneDrive\\Desktop\\quake-leveldesign-starterkit-20240930-windows\\cathedral-\\cathedral-.map" in 31ms
Created autosave backup at "C:\\Users\\Fussy\\OneDrive\\Desktop\\quake-leveldesign-starterkit-20240930-windows\\cathedral-\\autosave\\cathedral-.5.map"
Saved "C:\\Users\\Fussy\\OneDrive\\Desktop\\quake-leveldesign-starterkit-20240930-windows\\cathedral-\\cathedral-.map" in 32ms
Saved "C:\\Users\\Fussy\\OneDrive\\Desktop\\quake-leveldesign-starterkit-20240930-windows\\cathedral-\\cathedral-.map" in 29ms
Saved "C:\\Users\\Fussy\\OneDrive\\Desktop\\quake-leveldesign-starterkit-20240930-windows\\cathedral-\\cathedral-.map" in 32ms
Saved "C:\\Users\\Fussy\\OneDrive\\Desktop\\quake-leveldesign-starterkit-20240930-windows\\cathedral-\\cathedral-.map" in 22ms
Created autosave backup at "C:\\Users\\Fussy\\OneDrive\\Desktop\\quake-leveldesign-starterkit-20240930-windows\\cathedral-\\autosave\\cathedral-.6.map"
Saved "C:\\Users\\Fussy\\OneDrive\\Desktop\\quake-leveldesign-starterkit-20240930-windows\\cathedral-\\cathedral-.map" in 32ms
Saved "C:\\Users\\Fussy\\OneDrive\\Desktop\\quake-leveldesign-starterkit-20240930-windows\\cathedral-\\cathedral-.map" in 50ms
Saved "C:\\Users\\Fussy\\OneDrive\\Desktop\\quake-leveldesign-starterkit-20240930-windows\\cathedral-\\cathedral-.map" in 31ms
Saved "C:\\Users\\Fussy\\OneDrive\\Desktop\\quake-leveldesign-starterkit-20240930-windows\\cathedral-\\cathedral-.map" in 32ms
Saved "C:\\Users\\Fussy\\OneDrive\\Desktop\\quake-leveldesign-starterkit-20240930-windows\\cathedral-\\cathedral-.map" in 33ms
Created autosave backup at "C:\\Users\\Fussy\\OneDrive\\Desktop\\quake-leveldesign-starterkit-20240930-windows\\cathedral-\\autosave\\cathedral-.7.map"
Saved "C:\\Users\\Fussy\\OneDrive\\Desktop\\quake-leveldesign-starterkit-20240930-windows\\cathedral-\\cathedral-.map" in 31ms
Saved "C:\\Users\\Fussy\\OneDrive\\Desktop\\quake-leveldesign-starterkit-20240930-windows\\cathedral-\\cathedral-.map" in 32ms
Saved "C:\\Users\\Fussy\\OneDrive\\Desktop\\quake-leveldesign-starterkit-20240930-windows\\cathedral-\\cathedral-.map" in 23ms
Saved "C:\\Users\\Fussy\\OneDrive\\Desktop\\quake-leveldesign-starterkit-20240930-windows\\cathedral-\\cathedral-.map" in 22ms
Created autosave backup at "C:\\Users\\Fussy\\OneDrive\\Desktop\\quake-leveldesign-starterkit-20240930-windows\\cathedral-\\autosave\\cathedral-.8.map"
Saved "C:\\Users\\Fussy\\OneDrive\\Desktop\\quake-leveldesign-starterkit-20240930-windows\\cathedral-\\cathedral-.map" in 31ms
Created autosave backup at "C:\\Users\\Fussy\\OneDrive\\Desktop\\quake-leveldesign-starterkit-20240930-windows\\cathedral-\\autosave\\cathedral-.9.map"
Saved "C:\\Users\\Fussy\\OneDrive\\Desktop\\quake-leveldesign-starterkit-20240930-windows\\cathedral-\\cathedral-.map" in 37ms
Created autosave backup at "C:\\Users\\Fussy\\OneDrive\\Desktop\\quake-leveldesign-starterkit-20240930-windows\\cathedral-\\autosave\\cathedral-.10.map"
Saved "C:\\Users\\Fussy\\OneDrive\\Desktop\\quake-leveldesign-starterkit-20240930-windows\\cathedral-\\cathedral-.map" in 31ms
Saved "C:\\Users\\Fussy\\OneDrive\\Desktop\\quake-leveldesign-starterkit-20240930-windows\\cathedral-\\cathedral-.map" in 22ms
Saved "C:\\Users\\Fussy\\OneDrive\\Desktop\\quake-leveldesign-starterkit-20240930-windows\\cathedral-\\cathedral-.map" in 32ms
Created autosave backup at "C:\\Users\\Fussy\\OneDrive\\Desktop\\quake-leveldesign-starterkit-20240930-windows\\cathedral-\\autosave\\cathedral-.11.map"
Saved "C:\\Users\\Fussy\\OneDrive\\Desktop\\quake-leveldesign-starterkit-20240930-windows\\cathedral-\\cathedral-.map" in 27ms
Created autosave backup at "C:\\Users\\Fussy\\OneDrive\\Desktop\\quake-leveldesign-starterkit-20240930-windows\\cathedral-\\autosave\\cathedral-.4.map"
Saved "C:\\Users\\Fussy\\OneDrive\\Desktop\\quake-leveldesign-starterkit-20240930-windows\\cathedral-\\cathedral-.map" in 30ms
Saved "C:\\Users\\Fussy\\OneDrive\\Desktop\\quake-leveldesign-starterkit-20240930-windows\\cathedral-\\cathedral-.map" in 32ms
