PRT1
0
21
4 0 0 (-2063.4153616703975 869.8042068271394 402.2361586735921) (-2063.4153616703975 869.8042068271394 954.832657828193) (-2423.804637213276 869.8042068271394 954.832657828193) (-2423.804637213276 869.8042068271394 402.2361586735921) 
4 0 0 (-2063.4153616703975 673.6139476961386 4064) (-2063.4153616703975 673.6139476961386 1610.520547945206) (-2063.4153616703975 542.1668742216691 1610.520547945206) (-2063.4153616703975 542.1668742216691 4064) 
4 0 0 (-1553.196364696215 542.1668742216691 3465.3848069738497) (-1553.196364696215 615.1930261519302 3465.3848069738497) (-1553.196364696215 615.1930261519302 2924.99128268991) (-1553.196364696215 542.1668742216691 2924.99128268991) 
4 0 0 (-1040 542.1668742216691 2924.99128268991) (-1040 542.1668742216691 3465.3848069738497) (-1040 615.1930261519302 3465.3848069738497) (-1040 615.1930261519302 2924.99128268991) 
4 0 0 (-17.928936700138458 1285.316085753239 1610.520547945206) (-17.928936700138458 1285.316085753239 4064) (-17.928936700138458 2440.4483188044796 4064) (-17.928936700138458 2440.4483188044796 1610.520547945206) 
4 0 0 (3600 1285.316085753239 -48) (-17.928936700138458 1285.316085753239 -48) (-17.928936700138458 2440.4483188044796 -48) (3600 2440.4483188044796 -48) 
4 0 0 (4072 1285.316085753239 -144) (3968 1285.316085753239 -144) (3968 2440.4483188044796 -144) (4072 2440.4483188044796 -144) 
4 0 0 (4072 1285.316085753239 -160) (3968 1285.316085753239 -160) (3968 2440.4483188044796 -160) (4072 2440.4483188044796 -160) 
4 0 0 (-17.928936700138458 2440.4483188044796 -954.7903717295055) (-17.928936700138458 1285.316085753239 -954.7903717295055) (-17.928936700138458 1285.316085753239 -160) (-17.928936700138458 2440.4483188044796 -160) 
4 0 0 (-128 976 -954.7903717295055) (-113.88315094989296 976 -954.7903717295055) (-113.88315094989296 976 -160) (-128 976 -160) 
4 0 0 (-128 220.85180572851806 -954.7903717295055) (-113.88315094989296 220.85180572851806 -954.7903717295055) (-113.88315094989296 220.85180572851806 -160) (-128 220.85180572851806 -160) 
4 0 0 (-155.00638562835954 191.6413449564134 -954.7903717295055) (-155.00638562835954 16.37858032378573 -954.7903717295055) (-155.00638562835954 16.37858032378573 -160) (-155.00638562835954 191.6413449564134 -160) 
4 0 0 (-319.49932434222484 -304 -954.7903717295055) (-319.49932434222484 -480 -954.7903717295055) (-319.49932434222484 -480 -160) (-319.49932434222484 -304 -160) 
4 0 0 (-593.6542221986667 -480 -954.7903717295055) (-349.23323744847374 -480 -954.7903717295055) (-349.23323744847374 -480 -160) (-593.6542221986667 -480 -160) 
4 0 0 (-1040 -494.8044831880448 -954.7903717295055) (-1040 -3319.7110834371097 -954.7903717295055) (-1040 -3319.7110834371097 -160) (-1040 -494.8044831880448 -160) 
4 0 0 (-1553.196364696215 -494.8044831880448 -160) (-1553.196364696215 -494.8044831880448 -954.7903717295055) (-1553.196364696215 -640.8567870485675 -954.7903717295055) (-1553.196364696215 -640.8567870485675 -160) 
4 0 0 (-2063.4153616703975 -494.8044831880448 -954.7903717295055) (-2063.4153616703975 -515.5192091826384 -954.7903717295055) (-2063.4153616703975 -515.5192091826384 -160) (-2063.4153616703975 -494.8044831880448 -160) 
4 0 0 (-3705.315280464223 -515.5192091826384 -954.7903717295055) (-3705.315280464223 -515.5192091826384 -916.1843088418427) (-3705.315280464223 -339.26724414636095 -916.1843088418427) (-3705.315280464223 -339.26724414636095 -954.7903717295055) 
4 0 0 (-4104 -515.5192091826384 -916.1843088418427) (-4104 -515.5192091826384 -954.7903717295055) (-3936 -515.5192091826384 -954.7903717295055) (-3936 -515.5192091826384 -916.1843088418427) 
4 0 0 (-4104 -3319.7110834371097 4120) (-4104 -3319.7110834371097 -954.7903717295055) (-4080 -3319.7110834371097 -954.7903717295055) (-4080 -3319.7110834371097 4120) 
4 0 0 (-4104 -3568 4120) (-4104 -3568 -954.7903717295055) (-4080 -3568 -954.7903717295055) (-4080 -3568 4120) 
